        -:    0:Source:test.c
        -:    0:Graph:test.gcno
        -:    0:Data:test.gcda
        -:    0:Runs:1
        -:    0:Programs:1
        -:    1:#include <stdio.h>
        -:    2:#include <string.h>
        -:    3:
        -:    4:
        1:    5:void hello()
        -:    6:{
        1:    7:    printf("hello world\r\n");
        -:    8:
        1:    9:}
    #####:   10:void hello1()
        -:   11:{
    #####:   12:    printf("hello world1\r\n");
        -:   13:
    #####:   14:}
    #####:   15:void hello2()
        -:   16:{
    #####:   17:    printf("hello world2\r\n");
        -:   18:
    #####:   19:}
        1:   20:int main(int argc, char *argv[])
        -:   21:{   
       11:   22:    for (int i =0; i<10;i++)
        -:   23:    {
       10:   24:        printf("here\r\n");
        -:   25:    }
        1:   26:    if (argc >=2) {
    #####:   27:        printf("=====argc>=2\n");
    #####:   28:        hello1();
    #####:   29:        return 0;
        -:   30:    }
        1:   31:    printf("helloworld begin\n");
        -:   32:
        1:   33:    if (argc <2){
        1:   34:        printf("=====argc<2\n");
        1:   35:        hello();
        1:   36:        return 0;
        -:   37:    }
    #####:   38:    return 0;
        -:   39:}
        -:   40:
